1.11.1.git.kitware.jobserver-1
[0/1] Re-running CMake...
-- Found Paddle host system: ubuntu, version: 18.04.5
-- Found Paddle host system's CPU: 40 cores
-- CUDA compiler: /ssd2/zhangbo54/Paddle/tools/nvcc_lazy, version: NVIDIA 11.2.142
-- CXX compiler: /usr/local/gcc-8.2/bin/c++, version: GNU 8.2.0
-- C compiler: /usr/local/gcc-8.2/bin/gcc, version: GNU 8.2.0
-- AR tools: /usr/local/bin/ar
-- ccache is founded, use ccache to speed up compile on Unix.
-- Current NCCL header is /usr/include/nccl.h. Current NCCL version is v2804. 
-- CUDA detected: 11.2.142
-- WARNING: This is just a warning for publishing release.
      You are building GPU version without supporting different architectures.
      So the wheel package may fail on other GPU architectures.
      You can add -DCUDA_ARCH_NAME=All in cmake command
      to get a full wheel package to resolve this warning.
      While, this version will still work on local GPU architecture.
-- NVCC_FLAGS_EXTRA:  -gencode arch=compute_70,code=sm_70
101000-- Current cuDNN header is /usr/include/cudnn_version.h Current cuDNN version is v8.1.1. 
-- warp-ctc library: /ssd2/zhangbo54/Paddle/build/third_party/install/warpctc/lib/libwarpctc.so
-- warp-rnnt library: /ssd2/zhangbo54/Paddle/build/third_party/install/warprnnt/lib/libwarprnnt.so
-- MKLML_FILE: csrmm_mklml_lnx_2019.0.5.tgz, MKLML_URL: http://paddlepaddledeps.bj.bcebos.com/csrmm_mklml_lnx_2019.0.5.tgz
-- Found cblas and lapack in MKLML (include: /ssd2/zhangbo54/Paddle/build/third_party/install/mklml/include, library: /ssd2/zhangbo54/Paddle/build/third_party/install/mklml/lib/libmklml_intel.so)
-- CBLAS_PROVIDER: MKLML
-- Set /ssd2/zhangbo54/Paddle/build/third_party/install/mkldnn/lib to runtime path
-- MKLDNN library: /ssd2/zhangbo54/Paddle/build/third_party/install/mkldnn/lib/libdnnl.so
-- Protobuf protoc executable: /ssd2/zhangbo54/Paddle/build/third_party/install/protobuf/bin/protoc
-- Protobuf-lite library: /ssd2/zhangbo54/Paddle/build/third_party/install/protobuf/lib/libprotobuf-lite.a
-- Protobuf library: /ssd2/zhangbo54/Paddle/build/third_party/install/protobuf/lib/libprotobuf.a
-- Protoc library: /ssd2/zhangbo54/Paddle/build/third_party/install/protobuf/lib/libprotoc.a
-- Protobuf version: 21.12
-- Download dependence[externalError] from https://paddlepaddledeps.bj.bcebos.com/externalErrorMsg_20210928.tar.gz, MD5: a712a49384e77ca216ad866712f7cafa
-- ssl:/usr/lib/x86_64-linux-gnu/libssl.so
-- crypto:/usr/lib/x86_64-linux-gnu/libcrypto.so
-- LIBMCT_NAME: libmct, LIBMCT_URL: https://pslib.bj.bcebos.com/libmct/libmct.tar.gz
-- rocksdb jemalloc:/ssd2/zhangbo54/Paddle/build/third_party/install/jemalloc/lib/libjemalloc_pic.a
-- add dgc lib.
-- flash-attn library: /ssd2/zhangbo54/Paddle/build/third_party/install/flashattn/lib/libflashattn.so
-- Paddle version is 0.0.0
-- Found CUDA: /usr/local/cuda (found version "11.2") 
-- Enable Intel OpenMP with /ssd2/zhangbo54/Paddle/build/third_party/install/mklml/lib/libiomp5.so
-- On inference mode, will take place some specific optimization.
Requirement already satisfied: pyyaml in /root/anaconda3/envs/py39/lib/python3.9/site-packages (6.0)
-- Copy generated python ps_pb2.py into directory /ssd2/zhangbo54/Paddle/python/paddle/incubate/distributed/fleet/parameter_server/pslib/
-- generating brpc sendrecv.proto
-- commit: e10a9a75ab
-- branch: dev/refine_ir_dialect_code
Requirement already satisfied: pyyaml in /root/anaconda3/envs/py39/lib/python3.9/site-packages (6.0)
/root/anaconda3/envs/py39/lib/python3.9/site-packages/jinja2
/root/anaconda3/envs/py39/lib/python3.9/site-packages/typing_extensions.py
-- Configuring done
-- Generating done
-- Build files have been written to: /ssd2/zhangbo54/Paddle/build
[1/2185] Running utility command for download_externalError
[2/2185] Running utility command for profiler_py_proto
[3/2185] copy_if_different /ssd2/zhangbo54/Paddle/build/paddle/phi/kernels/declarations.h
[4/2185] copy_if_different /ssd2/zhangbo54/Paddle/build/paddle/phi/kernels/funcs/jit/kernels.h
[5/2185] Running utility command for ps_py_proto_init
[6/2185] Running Python protocol buffer compiler on ps.proto
[7/2185] Running utility command for fleet_proto_init
[8/2185] copy_if_different /ssd2/zhangbo54/Paddle/build/paddle/fluid/inference/api/paddle_inference_pass.h
[9/2185] copy_if_different /ssd2/zhangbo54/Paddle/build/paddle/fluid/pybind/pybind.h
[10/2185] Performing update step for 'extern_libmct'
-- extern_libmct update command succeeded.  See also /ssd2/zhangbo54/Paddle/build/third_party/libmct/src/extern_libmct-stamp/extern_libmct-update-*.log
[11/2185] cd /ssd2/zhangbo54/Paddle/build/paddle/fluid/memory/allocation && wget -nc --no-check-certificate https://paddle-ci.cdn.bcebos.com/buddy_allocator_test_data.tar && tar -xf buddy_allocator_test_data.tar
File ‘buddy_allocator_test_data.tar’ already there; not retrieving.

[12/2185] copy_if_different /ssd2/zhangbo54/Paddle/build/paddle/phi/ops/compat/signatures.h
[13/2185] cd /ssd2/zhangbo54/Paddle/build/test/cpp && wget -nc -q --no-check-certificate https://paddle-ci.gz.bcebos.com/dy2st/multi_program_load_with_property.tar.gz && tar zxf multi_program_load_with_property.tar.gz
[14/2185] Running utility command for pslib_py_proto
[15/2185] cd /ssd2/zhangbo54/Paddle/build/test/cpp && wget -nc --no-check-certificate https://paddle-ci.gz.bcebos.com/new_exec/lm_main_program && wget -nc --no-check-certificate https://paddle-ci.gz.bcebos.com/new_exec/lm_startup_program
File ‘lm_main_program’ already there; not retrieving.

File ‘lm_startup_program’ already there; not retrieving.

[16/2185] Copy generated python proto into directory paddle/distributed/fleet/proto.
[17/2185] Copy generated python proto into directory paddle/distributed/fleet/proto.
[18/2185] Running Python protocol buffer compiler on the_one_ps.proto
[19/2185] No patch step for 'extern_libmct'
[20/2185] Running utility command for ps_py_proto
[21/2185] Running utility command for framework_py_proto
[22/2185] cd /ssd2/zhangbo54/Paddle/build && /root/anaconda3/envs/py39/bin/python3.9 -B /ssd2/zhangbo54/Paddle/paddle/phi/kernels/sparse/gpu/cutlass_generator/gather_gemm_scatter_generator.py /ssd2/zhangbo54/Paddle/third_party/cutlass/tools/library/scripts/ /ssd2/zhangbo54/Paddle/paddle/phi/kernels/sparse/gpu/cutlass_generator 11.2.142 && /home/cmake-3.18.0-Linux-x86_64/bin/cmake -E copy_if_different /ssd2/zhangbo54/Paddle/paddle/phi/kernels/sparse/gpu/cutlass_generator/generated/gemm/all_gemm_operations.h.tmp /ssd2/zhangbo54/Paddle/paddle/phi/kernels/sparse/gpu/cutlass_generator/all_gemm_operations.h && /home/cmake-3.18.0-Linux-x86_64/bin/cmake -E echo "copy_if_different /ssd2/zhangbo54/Paddle/paddle/phi/kernels/sparse/gpu/cutlass_generator/generated/gemm/all_gemm_operations.h.tmp to /ssd2/zhangbo54/Paddle/paddle/phi/kernels/sparse/gpu/cutlass_generator/all_gemm_operations.h" && /home/cmake-3.18.0-Linux-x86_64/bin/cmake -E copy_if_different /ssd2/zhangbo54/Paddle/paddle/phi/kernels/sparse/gpu/cutlass_generator/generated/gemm/configurations.h.tmp /ssd2/zhangbo54/Paddle/paddle/phi/kernels/sparse/gpu/cutlass_generator/configurations.h && /home/cmake-3.18.0-Linux-x86_64/bin/cmake -E echo "copy_if_different /ssd2/zhangbo54/Paddle/paddle/phi/kernels/sparse/gpu/cutlass_generator/generated/gemm/configurations.h.tmp to /ssd2/zhangbo54/Paddle/paddle/phi/kernels/sparse/gpu/cutlass_generator/configurations.h"
copy_if_different /ssd2/zhangbo54/Paddle/paddle/phi/kernels/sparse/gpu/cutlass_generator/generated/gemm/all_gemm_operations.h.tmp to /ssd2/zhangbo54/Paddle/paddle/phi/kernels/sparse/gpu/cutlass_generator/all_gemm_operations.h
copy_if_different /ssd2/zhangbo54/Paddle/paddle/phi/kernels/sparse/gpu/cutlass_generator/generated/gemm/configurations.h.tmp to /ssd2/zhangbo54/Paddle/paddle/phi/kernels/sparse/gpu/cutlass_generator/configurations.h
[23/2185] Building CXX object paddle/fluid/framework/CMakeFiles/op_def_api.dir/op_def_api.cc.o
[24/2185] Linking CXX static library paddle/fluid/framework/libop_def_api.a
[25/2185] Performing configure step for 'extern_libmct'
-- extern_libmct configure command succeeded.  See also /ssd2/zhangbo54/Paddle/build/third_party/libmct/src/extern_libmct-stamp/extern_libmct-configure-*.log
[26/2185] Performing build step for 'extern_libmct'
ninja: no work to do.
[27/2185] Performing install step for 'extern_libmct'
[0/1] Install the project...
-- Install configuration: ""
[28/2185] Completed 'extern_libmct'
[29/2185] cd /ssd2/zhangbo54/Paddle/build/paddle/fluid/eager/auto_code_generator/generator && /root/anaconda3/envs/py39/bin/python3.9 /ssd2/zhangbo54/Paddle/paddle/fluid/eager/auto_code_generator/generator/python_c_gen.py --api_yaml_path=/ssd2/zhangbo54/Paddle/paddle/phi/api/yaml/ops.yaml,/ssd2/zhangbo54/Paddle/paddle/phi/api/yaml/legacy_ops.yaml,/ssd2/zhangbo54/Paddle/paddle/phi/api/yaml/sparse_ops.yaml,/ssd2/zhangbo54/Paddle/paddle/phi/api/yaml/fused_ops.yaml,/ssd2/zhangbo54/Paddle/paddle/phi/api/yaml/strings_ops.yaml --output_path=/ssd2/zhangbo54/Paddle/paddle/fluid/pybind/eager_op_function.cc.tmp && /home/cmake-3.18.0-Linux-x86_64/bin/cmake -E copy_if_different /ssd2/zhangbo54/Paddle/paddle/fluid/pybind/eager_op_function.cc.tmp /ssd2/zhangbo54/Paddle/paddle/fluid/pybind/eager_op_function.cc
[30/2185] cd /ssd2/zhangbo54/Paddle/build/paddle/fluid/eager/auto_code_generator/generator && /root/anaconda3/envs/py39/bin/python3.9 /ssd2/zhangbo54/Paddle/paddle/fluid/eager/auto_code_generator/generator/eager_gen.py --api_yaml_path=/ssd2/zhangbo54/Paddle/paddle/phi/api/yaml/ops.yaml,/ssd2/zhangbo54/Paddle/paddle/phi/api/yaml/legacy_ops.yaml,/ssd2/zhangbo54/Paddle/paddle/phi/api/yaml/sparse_ops.yaml,/ssd2/zhangbo54/Paddle/paddle/phi/api/yaml/fused_ops.yaml,/ssd2/zhangbo54/Paddle/paddle/phi/api/yaml/strings_ops.yaml --backward_yaml_path=/ssd2/zhangbo54/Paddle/paddle/phi/api/yaml/backward.yaml,/ssd2/zhangbo54/Paddle/paddle/phi/api/yaml/legacy_backward.yaml,/ssd2/zhangbo54/Paddle/paddle/phi/api/yaml/sparse_backward.yaml,/ssd2/zhangbo54/Paddle/paddle/phi/api/yaml/fused_backward.yaml --forwards_cc_path=/ssd2/zhangbo54/Paddle/paddle/fluid/eager/api/generated/eager_generated/forwards/tmp_dygraph_functions.cc --forwards_h_path=/ssd2/zhangbo54/Paddle/paddle/fluid/eager/api/generated/eager_generated/forwards/tmp_dygraph_functions.h --nodes_cc_path=/ssd2/zhangbo54/Paddle/paddle/fluid/eager/api/generated/eager_generated/backwards/tmp_nodes.cc --nodes_h_path=/ssd2/zhangbo54/Paddle/paddle/fluid/eager/api/generated/eager_generated/backwards/tmp_nodes.h && /home/cmake-3.18.0-Linux-x86_64/bin/cmake -E copy_if_different /ssd2/zhangbo54/Paddle/paddle/fluid/eager/api/generated/eager_generated/forwards/tmp_dygraph_functions.cc /ssd2/zhangbo54/Paddle/paddle/fluid/eager/api/generated/eager_generated/forwards/dygraph_functions.cc && /home/cmake-3.18.0-Linux-x86_64/bin/cmake -E copy_if_different /ssd2/zhangbo54/Paddle/paddle/fluid/eager/api/generated/eager_generated/forwards/tmp_dygraph_functions.h /ssd2/zhangbo54/Paddle/paddle/fluid/eager/api/generated/eager_generated/forwards/dygraph_functions.h && /home/cmake-3.18.0-Linux-x86_64/bin/cmake -E copy_if_different /ssd2/zhangbo54/Paddle/paddle/fluid/eager/api/generated/eager_generated/backwards/tmp_nodes.cc /ssd2/zhangbo54/Paddle/paddle/fluid/eager/api/generated/eager_generated/backwards/nodes.cc && /home/cmake-3.18.0-Linux-x86_64/bin/cmake -E copy_if_different /ssd2/zhangbo54/Paddle/paddle/fluid/eager/api/generated/eager_generated/backwards/tmp_nodes.h /ssd2/zhangbo54/Paddle/paddle/fluid/eager/api/generated/eager_generated/backwards/nodes.h
[31/2185] cd /ssd2/zhangbo54/Paddle/build/python && /root/anaconda3/envs/py39/bin/python3.9 /ssd2/zhangbo54/Paddle/python/paddle/incubate/autograd/generate_op_map.py --ops_yaml_path=/ssd2/zhangbo54/Paddle/paddle/phi/api/yaml/ops.yaml --ops_legacy_yaml_path=/ssd2/zhangbo54/Paddle/paddle/phi/api/yaml/legacy_ops.yaml --ops_compat_yaml_path=/ssd2/zhangbo54/Paddle/paddle/phi/api/yaml/op_compat.yaml --phi_ops_map_path=/ssd2/zhangbo54/Paddle/python/paddle/incubate/autograd/phi_ops_map.py
[32/2185] Performing configure step for 'extern_flashattn'
-- extern_flashattn configure command succeeded.  See also /ssd2/zhangbo54/Paddle/build/third_party/flashattn/src/extern_flashattn-stamp/extern_flashattn-configure-*.log
ninja: build stopped: interrupted by user.
Start executing python setup.py develop
------- Building start ------
build_dir: /ssd2/zhangbo54/Paddle/build
Ninja has been installed,use ninja to compile Paddle now.
Do not need rerun camke, everything is ready, run build now
/home/cmake-3.18.0-Linux-x86_64/bin/cmake --build . --target install --config Release -- -j 100
