Performing C SOURCE FILE Test CMAKE_HAVE_LIBC_PTHREAD failed with the following output:
Change Dir: /wangxianming/myPro/Paddle/build2/CMakeFiles/CMakeTmp

Run Build Command(s):/usr/bin/make cmTC_612ea/fast && /usr/bin/make -f CMakeFiles/cmTC_612ea.dir/build.make CMakeFiles/cmTC_612ea.dir/build
make[1]: Entering directory '/wangxianming/myPro/Paddle/build2/CMakeFiles/CMakeTmp'
Building C object CMakeFiles/cmTC_612ea.dir/src.c.o
/usr/local/gcc-8.2/bin/gcc   -fPIC -DCMAKE_HAVE_LIBC_PTHREAD   -o CMakeFiles/cmTC_612ea.dir/src.c.o   -c /wangxianming/myPro/Paddle/build2/CMakeFiles/CMakeTmp/src.c
Linking C executable cmTC_612ea
/home/cmake-3.16.0-Linux-x86_64/bin/cmake -E cmake_link_script CMakeFiles/cmTC_612ea.dir/link.txt --verbose=1
/usr/local/gcc-8.2/bin/gcc -fPIC -DCMAKE_HAVE_LIBC_PTHREAD    CMakeFiles/cmTC_612ea.dir/src.c.o  -o cmTC_612ea 
CMakeFiles/cmTC_612ea.dir/src.c.o: In function `main':
src.c:(.text+0x2f): undefined reference to `pthread_create'
src.c:(.text+0x3b): undefined reference to `pthread_detach'
src.c:(.text+0x4c): undefined reference to `pthread_join'
src.c:(.text+0x60): undefined reference to `pthread_atfork'
collect2: error: ld returned 1 exit status
CMakeFiles/cmTC_612ea.dir/build.make:86: recipe for target 'cmTC_612ea' failed
make[1]: *** [cmTC_612ea] Error 1
make[1]: Leaving directory '/wangxianming/myPro/Paddle/build2/CMakeFiles/CMakeTmp'
Makefile:121: recipe for target 'cmTC_612ea/fast' failed
make: *** [cmTC_612ea/fast] Error 2


Source file was:
#include <pthread.h>

void* test_func(void* data)
{
  return data;
}

int main(void)
{
  pthread_t thread;
  pthread_create(&thread, NULL, test_func, NULL);
  pthread_detach(thread);
  pthread_join(thread, NULL);
  pthread_atfork(NULL, NULL, NULL);
  pthread_exit(NULL);

  return 0;
}

Determining if the function pthread_create exists in the pthreads failed with the following output:
Change Dir: /wangxianming/myPro/Paddle/build2/CMakeFiles/CMakeTmp

Run Build Command(s):/usr/bin/make cmTC_9fd5a/fast && /usr/bin/make -f CMakeFiles/cmTC_9fd5a.dir/build.make CMakeFiles/cmTC_9fd5a.dir/build
make[1]: Entering directory '/wangxianming/myPro/Paddle/build2/CMakeFiles/CMakeTmp'
Building C object CMakeFiles/cmTC_9fd5a.dir/CheckFunctionExists.c.o
/usr/local/gcc-8.2/bin/gcc   -fPIC -DCHECK_FUNCTION_EXISTS=pthread_create   -o CMakeFiles/cmTC_9fd5a.dir/CheckFunctionExists.c.o   -c /home/cmake-3.16.0-Linux-x86_64/share/cmake-3.16/Modules/CheckFunctionExists.c
Linking C executable cmTC_9fd5a
/home/cmake-3.16.0-Linux-x86_64/bin/cmake -E cmake_link_script CMakeFiles/cmTC_9fd5a.dir/link.txt --verbose=1
/usr/local/gcc-8.2/bin/gcc -fPIC -DCHECK_FUNCTION_EXISTS=pthread_create    CMakeFiles/cmTC_9fd5a.dir/CheckFunctionExists.c.o  -o cmTC_9fd5a  -lpthreads 
/usr/local/bin/ld: cannot find -lpthreads
collect2: error: ld returned 1 exit status
CMakeFiles/cmTC_9fd5a.dir/build.make:86: recipe for target 'cmTC_9fd5a' failed
make[1]: *** [cmTC_9fd5a] Error 1
make[1]: Leaving directory '/wangxianming/myPro/Paddle/build2/CMakeFiles/CMakeTmp'
Makefile:121: recipe for target 'cmTC_9fd5a/fast' failed
make: *** [cmTC_9fd5a/fast] Error 2



Performing C SOURCE FILE Test C_COMPILER_SUPPORT_FLAG__Wnon_virtual_dtor failed with the following output:
Change Dir: /wangxianming/myPro/Paddle/build2/CMakeFiles/CMakeTmp

Run Build Command(s):/usr/bin/make cmTC_e9352/fast && /usr/bin/make -f CMakeFiles/cmTC_e9352.dir/build.make CMakeFiles/cmTC_e9352.dir/build
make[1]: Entering directory '/wangxianming/myPro/Paddle/build2/CMakeFiles/CMakeTmp'
Building C object CMakeFiles/cmTC_e9352.dir/src.c.o
/usr/local/gcc-8.2/bin/gcc   -fPIC -fno-omit-frame-pointer -Werror -Wall -Wextra -DC_COMPILER_SUPPORT_FLAG__Wnon_virtual_dtor   -Wnon-virtual-dtor -o CMakeFiles/cmTC_e9352.dir/src.c.o   -c /wangxianming/myPro/Paddle/build2/CMakeFiles/CMakeTmp/src.c
cc1: error: command line option '-Wnon-virtual-dtor' is valid for C++/ObjC++ but not for C [-Werror]
cc1: all warnings being treated as errors
CMakeFiles/cmTC_e9352.dir/build.make:65: recipe for target 'CMakeFiles/cmTC_e9352.dir/src.c.o' failed
make[1]: *** [CMakeFiles/cmTC_e9352.dir/src.c.o] Error 1
make[1]: Leaving directory '/wangxianming/myPro/Paddle/build2/CMakeFiles/CMakeTmp'
Makefile:121: recipe for target 'cmTC_e9352/fast' failed
make: *** [cmTC_e9352/fast] Error 2


Source file was:
int main(void) { return 0; }
Performing C SOURCE FILE Test C_COMPILER_SUPPORT_FLAG__Wdelete_non_virtual_dtor failed with the following output:
Change Dir: /wangxianming/myPro/Paddle/build2/CMakeFiles/CMakeTmp

Run Build Command(s):/usr/bin/make cmTC_c7dbf/fast && /usr/bin/make -f CMakeFiles/cmTC_c7dbf.dir/build.make CMakeFiles/cmTC_c7dbf.dir/build
make[1]: Entering directory '/wangxianming/myPro/Paddle/build2/CMakeFiles/CMakeTmp'
Building C object CMakeFiles/cmTC_c7dbf.dir/src.c.o
/usr/local/gcc-8.2/bin/gcc   -fPIC -fno-omit-frame-pointer -Werror -Wall -Wextra -DC_COMPILER_SUPPORT_FLAG__Wdelete_non_virtual_dtor   -Wdelete-non-virtual-dtor -o CMakeFiles/cmTC_c7dbf.dir/src.c.o   -c /wangxianming/myPro/Paddle/build2/CMakeFiles/CMakeTmp/src.c
cc1: error: command line option '-Wdelete-non-virtual-dtor' is valid for C++/ObjC++ but not for C [-Werror]
cc1: all warnings being treated as errors
CMakeFiles/cmTC_c7dbf.dir/build.make:65: recipe for target 'CMakeFiles/cmTC_c7dbf.dir/src.c.o' failed
make[1]: *** [CMakeFiles/cmTC_c7dbf.dir/src.c.o] Error 1
make[1]: Leaving directory '/wangxianming/myPro/Paddle/build2/CMakeFiles/CMakeTmp'
Makefile:121: recipe for target 'cmTC_c7dbf/fast' failed
make: *** [cmTC_c7dbf/fast] Error 2


Source file was:
int main(void) { return 0; }
Performing C SOURCE FILE Test C_COMPILER_SUPPORT_FLAG__Wno_error_parentheses_equality failed with the following output:
Change Dir: /wangxianming/myPro/Paddle/build2/CMakeFiles/CMakeTmp

Run Build Command(s):/usr/bin/make cmTC_c5138/fast && /usr/bin/make -f CMakeFiles/cmTC_c5138.dir/build.make CMakeFiles/cmTC_c5138.dir/build
make[1]: Entering directory '/wangxianming/myPro/Paddle/build2/CMakeFiles/CMakeTmp'
Building C object CMakeFiles/cmTC_c5138.dir/src.c.o
/usr/local/gcc-8.2/bin/gcc   -fPIC -fno-omit-frame-pointer -Werror -Wall -Wextra -Wno-unused-parameter -Wno-unused-function -Wno-error=literal-suffix -Wno-error=unused-local-typedefs -DC_COMPILER_SUPPORT_FLAG__Wno_error_parentheses_equality   -Wno-error=parentheses-equality -o CMakeFiles/cmTC_c5138.dir/src.c.o   -c /wangxianming/myPro/Paddle/build2/CMakeFiles/CMakeTmp/src.c
cc1: error: -Werror=parentheses-equality: no option -Wparentheses-equality
CMakeFiles/cmTC_c5138.dir/build.make:65: recipe for target 'CMakeFiles/cmTC_c5138.dir/src.c.o' failed
make[1]: *** [CMakeFiles/cmTC_c5138.dir/src.c.o] Error 1
make[1]: Leaving directory '/wangxianming/myPro/Paddle/build2/CMakeFiles/CMakeTmp'
Makefile:121: recipe for target 'cmTC_c5138/fast' failed
make: *** [cmTC_c5138/fast] Error 2


Source file was:
int main(void) { return 0; }
Performing C++ SOURCE FILE Test CXX_COMPILER_SUPPORT_FLAG__Wno_error_parentheses_equality failed with the following output:
Change Dir: /wangxianming/myPro/Paddle/build2/CMakeFiles/CMakeTmp

Run Build Command(s):/usr/bin/make cmTC_3bfcb/fast && /usr/bin/make -f CMakeFiles/cmTC_3bfcb.dir/build.make CMakeFiles/cmTC_3bfcb.dir/build
make[1]: Entering directory '/wangxianming/myPro/Paddle/build2/CMakeFiles/CMakeTmp'
Building CXX object CMakeFiles/cmTC_3bfcb.dir/src.cxx.o
/usr/local/gcc-8.2/bin/c++    -Wno-error=deprecated-declarations -Wno-deprecated-declarations -std=c++14 -m64 -fPIC -fno-omit-frame-pointer -Werror -Wall -Wextra -Wnon-virtual-dtor -Wdelete-non-virtual-dtor -Wno-unused-parameter -Wno-unused-function -Wno-error=literal-suffix -Wno-error=unused-local-typedefs -DCXX_COMPILER_SUPPORT_FLAG__Wno_error_parentheses_equality   -Wno-error=parentheses-equality -o CMakeFiles/cmTC_3bfcb.dir/src.cxx.o -c /wangxianming/myPro/Paddle/build2/CMakeFiles/CMakeTmp/src.cxx
cc1plus: error: -Werror=parentheses-equality: no option -Wparentheses-equality
CMakeFiles/cmTC_3bfcb.dir/build.make:65: recipe for target 'CMakeFiles/cmTC_3bfcb.dir/src.cxx.o' failed
make[1]: *** [CMakeFiles/cmTC_3bfcb.dir/src.cxx.o] Error 1
make[1]: Leaving directory '/wangxianming/myPro/Paddle/build2/CMakeFiles/CMakeTmp'
Makefile:121: recipe for target 'cmTC_3bfcb/fast' failed
make: *** [cmTC_3bfcb/fast] Error 2


Source file was:
int main() { return 0; }
